1663072549334	geckodriver	INFO	Listening on 127.0.0.1:53971
1663072549980	mozrunner::runner	INFO	Running command: "/bin/firefox" "--marionette" "--remote-debugging-port" "50737" "--remote-allow-hosts" "localhost" "-no-remote" "-profile" "/tmp/rust_mozprofilef3OZbt"
[GFX1-]: glxtest: VA-API test failed: failed to initialise VAAPI connection.
ATTENTION: default value of option mesa_glthread overridden by environment.
1663072551468	Marionette	INFO	Marionette enabled
1663072551479	Marionette	INFO	Listening on port 43439
Read port: 43439
WebDriver BiDi listening on ws://localhost:50737
1663072551873	RemoteAgent	WARN	TLS certificate errors will be ignored for this session
console.warn: SearchSettings: "get: No settings file exists, new profile?" (new NotFoundError("Could not open the file at /tmp/rust_mozprofilef3OZbt/search.json.mozlz4", (void 0)))
Missing chrome or resource URL: resource://gre/modules/UpdateListener.sys.mjs
DevTools listening on ws://localhost:50737/devtools/browser/154b9cb7-0f14-43dd-ac41-78bef8779df3
1663072562785	Marionette	INFO	Stopped listening on port 43439
Missing chrome or resource URL: resource://gre/modules/UpdateListener.sys.mjs
console.error: "Error during quit-application-granted: [Exception... \"File error: Not found\"  nsresult: \"0x80520012 (NS_ERROR_FILE_NOT_FOUND)\"  location: \"JS frame :: resource:///modules/BrowserGlue.jsm :: _onQuitApplicationGranted/tasks< :: line 2013\"  data: no]"
1663072594441	geckodriver	INFO	Listening on 127.0.0.1:58037
1663072595048	mozrunner::runner	INFO	Running command: "/bin/firefox" "--marionette" "--remote-debugging-port" "40359" "--remote-allow-hosts" "localhost" "-no-remote" "-profile" "/tmp/rust_mozprofilekhM2Db"
[GFX1-]: glxtest: VA-API test failed: failed to initialise VAAPI connection.
ATTENTION: default value of option mesa_glthread overridden by environment.
1663072596476	Marionette	INFO	Marionette enabled
1663072596485	Marionette	INFO	Listening on port 36543
WebDriver BiDi listening on ws://localhost:40359
Read port: 36543
1663072596894	RemoteAgent	WARN	TLS certificate errors will be ignored for this session
console.warn: SearchSettings: "get: No settings file exists, new profile?" (new NotFoundError("Could not open the file at /tmp/rust_mozprofilekhM2Db/search.json.mozlz4", (void 0)))
Missing chrome or resource URL: resource://gre/modules/UpdateListener.sys.mjs
DevTools listening on ws://localhost:40359/devtools/browser/5b1c16d3-ad08-4ee1-b2c7-d5d81205a1b1
JavaScript error: https://us05st2.zoom.us/static/6.2.8483/js/app/webclient/preview/media-previewer.min.js, line 1: TypeError: 'camera' (value of 'name' member of PermissionDescriptor) is not a valid value for enumeration PermissionName.
JavaScript error: https://us05st2.zoom.us/static/6.2.8483/js/app/webclient/preview/media-previewer.min.js, line 1: TypeError: 'microphone' (value of 'name' member of PermissionDescriptor) is not a valid value for enumeration PermissionName.
JavaScript error: https://us05st2.zoom.us/static/6.2.8483/js/app/webclient/preview/media-previewer.min.js, line 1: TypeError: 'camera' (value of 'name' member of PermissionDescriptor) is not a valid value for enumeration PermissionName.
JavaScript error: https://us05st2.zoom.us/static/6.2.8483/js/app/webclient/preview/media-previewer.min.js, line 1: TypeError: 'microphone' (value of 'name' member of PermissionDescriptor) is not a valid value for enumeration PermissionName.
console.warn: LoginRecipes: "Falling back to a synchronous message for: https://us05web.zoom.us."
console.error: (new TypeError("currentNode is null", "resource://devtools/client/inspector/shared/style-change-tracker.js", 66))
TypeError: currentNode is null: canMutationImpactCurrentStyles@resource://devtools/client/inspector/shared/style-change-tracker.js:66:20
onMutations@resource://devtools/client/inspector/shared/style-change-tracker.js:84:41
_emit@resource://devtools/shared/event-emitter.js:242:32
emit@resource://devtools/shared/event-emitter.js:186:18
emit@resource://devtools/shared/event-emitter.js:330:18
getMutations@resource://devtools/client/fronts/walker.js:312:10

console.warn: ({})
JavaScript error: resource://gre/modules/AsyncShutdown.jsm, line 576: NotFoundError: No such JSWindowActor 'DevToolsFrame'
JavaScript error: resource://gre/modules/AsyncShutdown.jsm, line 576: NotFoundError: No such JSWindowActor 'DevToolsFrame'
JavaScript error: resource://gre/modules/AsyncShutdown.jsm, line 576: NotFoundError: No such JSWindowActor 'DevToolsFrame'
JavaScript error: resource://gre/modules/AsyncShutdown.jsm, line 576: NotFoundError: No such JSWindowActor 'DevToolsFrame'
JavaScript error: resource://gre/modules/AsyncShutdown.jsm, line 576: NotFoundError: No such JSWindowActor 'DevToolsFrame'
Missing chrome or resource URL: resource://gre/modules/UpdateListener.sys.mjs
console.error: "Error during quit-application-granted: [Exception... \"File error: Not found\"  nsresult: \"0x80520012 (NS_ERROR_FILE_NOT_FOUND)\"  location: \"JS frame :: resource:///modules/BrowserGlue.jsm :: _onQuitApplicationGranted/tasks< :: line 2013\"  data: no]"
1663075282423	Marionette	INFO	Stopped listening on port 36543
